<?xml version="1.0" encoding="UTF-8"?>
<!-- Generated by org.testng.reporters.JUnitXMLReporter -->
<testsuite ignored="4" hostname="DESKTOP-62GAKGO" failures="0" tests="1" name="Test Basics 1" time="7.04" errors="0" timestamp="2023-02-04T21:12:07 IST">
  <testcase classname="com.test.ParseJson" name="premptiveauthenticationxml" time="6.974"/>
  <testcase classname="com.test.ParseJson" name="parsexml" time="0.0">
    <ignored/>
  </testcase> <!-- parsexml -->
  <testcase classname="com.test.ParseJson" name="parseJson" time="0.0">
    <ignored/>
  </testcase> <!-- parseJson -->
  <testcase classname="com.test.ParseJson" name="authenticationxml" time="0.0">
    <ignored/>
  </testcase> <!-- authenticationxml -->
  <testcase classname="com.test.ParseJson" name="bearertokenauthenticationxml" time="0.0">
    <ignored/>
  </testcase> <!-- bearertokenauthenticationxml -->
</testsuite> <!-- Test Basics 1 -->
