<?xml version="1.0" encoding="UTF-8"?>
<!-- Generated by org.testng.reporters.JUnitXMLReporter -->
<testsuite ignored="5" hostname="DESKTOP-62GAKGO" failures="0" tests="0" time="0.031" errors="0" timestamp="2023-02-04T21:11:57 IST">
  <testcase classname="com.test.ParseJson" name="authenticationxml" time="0.0">
    <ignored/>
  </testcase> <!-- authenticationxml -->
  <testcase classname="com.test.ParseJson" name="premptiveauthenticationxml" time="0.0">
    <ignored/>
  </testcase> <!-- premptiveauthenticationxml -->
  <testcase classname="com.test.ParseJson" name="parsexml" time="0.0">
    <ignored/>
  </testcase> <!-- parsexml -->
  <testcase classname="com.test.ParseJson" name="parseJson" time="0.0">
    <ignored/>
  </testcase> <!-- parseJson -->
  <testcase classname="com.test.ParseJson" name="bearertokenauthenticationxml" time="0.0">
    <ignored/>
  </testcase> <!-- bearertokenauthenticationxml -->
</testsuite>
