<?xml version="1.0" encoding="UTF-8"?>
<testng-results ignored="1" total="2" passed="1" failed="0" skipped="0">
  <reporter-output>
  </reporter-output>
  <suite started-at="2023-02-03T22:04:52 IST" name="Default suite" finished-at="2023-02-03T22:05:00 IST" duration-ms="8234">
    <groups>
    </groups>
    <test started-at="2023-02-03T22:04:52 IST" name="Default test" finished-at="2023-02-03T22:05:00 IST" duration-ms="8234">
      <class name="com.test.ParseJson">
        <test-method signature="parsexml()[pri:0, instance:com.test.ParseJson@1d296da]" started-at="2023-02-03T22:04:52 IST" name="parsexml" finished-at="2023-02-03T22:05:00 IST" duration-ms="8056" status="PASS">
          <reporter-output>
          </reporter-output>
        </test-method> <!-- parsexml -->
      </class> <!-- com.test.ParseJson -->
    </test> <!-- Default test -->
  </suite> <!-- Default suite -->
</testng-results>
