<?xml version="1.0" encoding="UTF-8"?>
<testng-results ignored="4" total="5" passed="1" failed="0" skipped="0">
  <reporter-output>
  </reporter-output>
  <suite started-at="2023-02-04T21:12:00 IST" name="Practice Suite" finished-at="2023-02-04T21:12:07 IST" duration-ms="7040">
    <groups>
    </groups>
    <test started-at="2023-02-04T21:12:00 IST" name="Test Basics 1" finished-at="2023-02-04T21:12:07 IST" duration-ms="7040">
      <class name="com.test.ParseJson">
        <test-method signature="premptiveauthenticationxml()[pri:3, instance:com.test.ParseJson@75d4a5c2]" started-at="2023-02-04T21:12:00 IST" name="premptiveauthenticationxml" finished-at="2023-02-04T21:12:07 IST" duration-ms="6974" status="PASS">
          <reporter-output>
          </reporter-output>
        </test-method> <!-- premptiveauthenticationxml -->
      </class> <!-- com.test.ParseJson -->
    </test> <!-- Test Basics 1 -->
  </suite> <!-- Practice Suite -->
</testng-results>
